<?xml version="1.0" encoding="UTF-8"?>
<!-- Generated by org.testng.reporters.JUnitXMLReporter -->
<testsuite ignored="0" hostname="Serendipity" failures="0" tests="4" name="Test" time="59.947" errors="0" timestamp="2024-03-02T03:27:18 IST">
  <testcase classname="QA.JenkinsTestNG.login" name="loginhrm" time="12.067"/>
  <testcase classname="QA.JenkinsTestNG.immigrationFormFilling" name="immigration" time="13.448"/>
  <testcase classname="QA.JenkinsTestNG.jobFormFilling" name="login" time="13.831"/>
  <testcase classname="QA.JenkinsTestNG.addImmigration" name="immigration" time="20.428"/>
</testsuite> <!-- Test -->
