<?xml version="1.0" encoding="UTF-8"?>
<testng-results ignored="0" total="4" passed="4" failed="0" skipped="0">
  <reporter-output>
  </reporter-output>
  <suite started-at="2024-03-02T03:26:18 IST" name="Suite" finished-at="2024-03-02T03:27:18 IST" duration-ms="59947">
    <groups>
    </groups>
    <test started-at="2024-03-02T03:26:18 IST" name="Test" finished-at="2024-03-02T03:27:18 IST" duration-ms="59947">
      <class name="QA.JenkinsTestNG.immigrationFormFilling">
        <test-method signature="immigration()[pri:0, instance:QA.JenkinsTestNG.immigrationFormFilling@4b0d79fc]" started-at="2024-03-02T03:26:30 IST" name="immigration" finished-at="2024-03-02T03:26:44 IST" duration-ms="13448" status="PASS">
          <reporter-output>
          </reporter-output>
        </test-method> <!-- immigration -->
      </class> <!-- QA.JenkinsTestNG.immigrationFormFilling -->
      <class name="QA.JenkinsTestNG.jobFormFilling">
        <test-method signature="login()[pri:0, instance:QA.JenkinsTestNG.jobFormFilling@4c1909a3]" started-at="2024-03-02T03:26:44 IST" name="login" finished-at="2024-03-02T03:26:58 IST" duration-ms="13831" status="PASS">
          <reporter-output>
          </reporter-output>
        </test-method> <!-- login -->
      </class> <!-- QA.JenkinsTestNG.jobFormFilling -->
      <class name="QA.JenkinsTestNG.login">
        <test-method signature="loginhrm()[pri:0, instance:QA.JenkinsTestNG.login@12aba8be]" started-at="2024-03-02T03:26:18 IST" name="loginhrm" finished-at="2024-03-02T03:26:30 IST" duration-ms="12067" status="PASS">
          <reporter-output>
          </reporter-output>
        </test-method> <!-- loginhrm -->
      </class> <!-- QA.JenkinsTestNG.login -->
      <class name="QA.JenkinsTestNG.addImmigration">
        <test-method signature="immigration()[pri:0, instance:QA.JenkinsTestNG.addImmigration@428640fa]" started-at="2024-03-02T03:26:58 IST" name="immigration" finished-at="2024-03-02T03:27:18 IST" duration-ms="20428" status="PASS">
          <reporter-output>
          </reporter-output>
        </test-method> <!-- immigration -->
      </class> <!-- QA.JenkinsTestNG.addImmigration -->
    </test> <!-- Test -->
  </suite> <!-- Suite -->
</testng-results>
